<?xml version="1.0" encoding="UTF-8"?>
<!-- Generated by org.testng.reporters.JUnitReportReporter -->
<testsuite hostname="DESKTOP-HKBQ6K6" failures="0" tests="1" name="scripts.test3" time="0.005" errors="0" timestamp="2021-10-24T14:50:04 IST" skipped="0">
  <testcase classname="scripts.test3" name="tc3" time="0.005"/>
  <system-out>
Hello   </system-out>
</testsuite> <!-- scripts.test3 -->
