<?xml version="1.0" encoding="UTF-8"?>
<!-- Generated by org.testng.reporters.JUnitReportReporter -->
<testsuite hostname="DESKTOP-HKBQ6K6" failures="0" tests="1" name="scripts.test1" time="0.033" errors="0" timestamp="2021-10-24T14:50:04 IST" skipped="0">
  <testcase classname="scripts.test1" name="tc1" time="0.033"/>
  <system-out>
Hello java  </system-out>
</testsuite> <!-- scripts.test1 -->
