<?xml version="1.0" encoding="UTF-8"?>
<!-- Generated by org.testng.reporters.JUnitReportReporter -->
<testsuite hostname="DESKTOP-HKBQ6K6" failures="0" tests="1" name="scripts.test2" time="0.004" errors="0" timestamp="2021-10-24T14:50:04 IST" skipped="0">
  <testcase classname="scripts.test2" name="tc2" time="0.004"/>
  <system-out>
Hello Selenium  </system-out>
</testsuite> <!-- scripts.test2 -->
